  Building Custom Rule F:/YOLOV4/darknet-master/CMakeLists.txt
  Compiling CUDA source file src\activation_kernels.cu...
  Compiling CUDA source file src\avgpool_layer_kernels.cu...
  Compiling CUDA source file src\dropout_layer_kernels.cu...
  Compiling CUDA source file src\col2im_kernels.cu...
  Compiling CUDA source file src\deconvolutional_kernels.cu...
  Compiling CUDA source file src\maxpool_layer_kernels.cu...
  Compiling CUDA source file src\im2col_kernels.cu...
  Compiling CUDA source file src\convolutional_kernels.cu...
  Compiling CUDA source file src\blas_kernels.cu...
  Compiling CUDA source file src\crop_layer_kernels.cu...
  Compiling CUDA source file src\network_kernels.cu...
  
  F:\YOLOV4\darknet-master>"F:\YOLOV4\CUDA\CUDA Development\bin\nvcc.exe"  --use-local-env -ccbin "F:\Program Files (x86)\Microsoft Visual Studio\2019\Community\VC\Tools\MSVC\14.29.30133\bin\HostX64\x64" -x cu -rdc=true  -I"F:\YOLOV4\darknet-master\include" -I"F:\YOLOV4\darknet-master\src" -I"F:\YOLOV4\darknet-master\3rdparty\stb\include" -IF:\YOLOV4\opencv\build\include -I"F:\YOLOV4\CUDA\CUDA Development\include" -I"F:\YOLOV4\darknet-master\3rdparty\pthreads\include" -I"F:\YOLOV4\CUDA\CUDA Development\include"     --keep-dir x64\Release -maxrregcount=0  --machine 64 --compile -cudart shared -Wno-deprecated-declarations --generate-code=arch=compute_52,code=[compute_52,sm_52] -Xcompiler=",/nologo,/wd4013,/wd4018,/wd4028,/wd4047,/wd4068,/wd4090,/wd4101,/wd4113,/wd4133,/wd4190,/wd4244,/wd4267,/wd4305,/wd4477,/wd4996,/wd4819,/fp:fast,/DGPU,/DCUDNN,/DOPENCV /EHsc -Ob2"    -D_WINDOWS -DNDEBUG -DLIB_EXPORTS=1 -DUSE_CMAKE_LIBS -DCUDNN -DOPENCV -D_CRT_RAND_S -DNOMINMAX -D_USE_MATH_DEFINES -D_CRT_SECURE_NO_WARNINGS -DGPU -D_TIMESPEC_DEFINED -D"CMAKE_INTDIR=\"Release\"" -Ddark_EXPORTS -D_WINDLL -D_MBCS -DWIN32 -D_WINDOWS -DNDEBUG -DLIB_EXPORTS=1 -DUSE_CMAKE_LIBS -DCUDNN -DOPENCV -D_CRT_RAND_S -DNOMINMAX -D_USE_MATH_DEFINES -D_CRT_SECURE_NO_WARNINGS -DGPU -D_TIMESPEC_DEFINED -D"CMAKE_INTDIR=\"Release\"" -Ddark_EXPORTS -Xcompiler "/EHsc /W1 /nologo /O2 /Fddark.dir\Release\vc142.pdb /FS   /MD /GR" -o dark.dir\Release\activation_kernels.obj "F:\YOLOV4\darknet-master\src\activation_kernels.cu" 
  
  F:\YOLOV4\darknet-master>"F:\YOLOV4\CUDA\CUDA Development\bin\nvcc.exe"  --use-local-env -ccbin "F:\Program Files (x86)\Microsoft Visual Studio\2019\Community\VC\Tools\MSVC\14.29.30133\bin\HostX64\x64" -x cu -rdc=true  -I"F:\YOLOV4\darknet-master\include" -I"F:\YOLOV4\darknet-master\src" -I"F:\YOLOV4\darknet-master\3rdparty\stb\include" -IF:\YOLOV4\opencv\build\include -I"F:\YOLOV4\CUDA\CUDA Development\include" -I"F:\YOLOV4\darknet-master\3rdparty\pthreads\include" -I"F:\YOLOV4\CUDA\CUDA Development\include"     --keep-dir x64\Release -maxrregcount=0  --machine 64 --compile -cudart shared -Wno-deprecated-declarations --generate-code=arch=compute_52,code=[compute_52,sm_52] -Xcompiler=",/nologo,/wd4013,/wd4018,/wd4028,/wd4047,/wd4068,/wd4090,/wd4101,/wd4113,/wd4133,/wd4190,/wd4244,/wd4267,/wd4305,/wd4477,/wd4996,/wd4819,/fp:fast,/DGPU,/DCUDNN,/DOPENCV /EHsc -Ob2"    -D_WINDOWS -DNDEBUG -DLIB_EXPORTS=1 -DUSE_CMAKE_LIBS -DCUDNN -DOPENCV -D_CRT_RAND_S -DNOMINMAX -D_USE_MATH_DEFINES -D_CRT_SECURE_NO_WARNINGS -DGPU -D_TIMESPEC_DEFINED -D"CMAKE_INTDIR=\"Release\"" -Ddark_EXPORTS -D_WINDLL -D_MBCS -DWIN32 -D_WINDOWS -DNDEBUG -DLIB_EXPORTS=1 -DUSE_CMAKE_LIBS -DCUDNN -DOPENCV -D_CRT_RAND_S -DNOMINMAX -D_USE_MATH_DEFINES -D_CRT_SECURE_NO_WARNINGS -DGPU -D_TIMESPEC_DEFINED -D"CMAKE_INTDIR=\"Release\"" -Ddark_EXPORTS -Xcompiler "/EHsc /W1 /nologo /O2 /Fddark.dir\Release\vc142.pdb /FS   /MD /GR" -o dark.dir\Release\deconvolutional_kernels.obj "F:\YOLOV4\darknet-master\src\deconvolutional_kernels.cu" 
  
  
  F:\YOLOV4\darknet-master>"F:\YOLOV4\CUDA\CUDA Development\bin\nvcc.exe"  --use-local-env -ccbin "F:\Program Files (x86)\Microsoft Visual Studio\2019\Community\VC\Tools\MSVC\14.29.30133\bin\HostX64\x64" -x cu -rdc=true  -I"F:\YOLOV4\darknet-master\include" -I"F:\YOLOV4\darknet-master\src" -I"F:\YOLOV4\darknet-master\3rdparty\stb\include" -IF:\YOLOV4\opencv\build\include -I"F:\YOLOV4\CUDA\CUDA Development\include" -I"F:\YOLOV4\darknet-master\3rdparty\pthreads\include" -I"F:\YOLOV4\CUDA\CUDA Development\include"     --keep-dir x64\Release -maxrregcount=0  --machine 64 --compile -cudart shared -Wno-deprecated-declarations --generate-code=arch=compute_52,code=[compute_52,sm_52] -Xcompiler=",/nologo,/wd4013,/wd4018,/wd4028,/wd4047,/wd4068,/wd4090,/wd4101,/wd4113,/wd4133,/wd4190,/wd4244,/wd4267,/wd4305,/wd4477,/wd4996,/wd4819,/fp:fast,/DGPU,/DCUDNN,/DOPENCV /EHsc -Ob2"    -D_WINDOWS -DNDEBUG -DLIB_EXPORTS=1 -DUSE_CMAKE_LIBS -DCUDNN -DOPENCV -D_CRT_RAND_S -DNOMINMAX -D_USE_MATH_DEFINES -D_CRT_SECURE_NO_WARNINGS -DGPU -D_TIMESPEC_DEFINED -D"CMAKE_INTDIR=\"Release\"" -Ddark_EXPORTS -D_WINDLL -D_MBCS -DWIN32 -D_WINDOWS -DNDEBUG -DLIB_EXPORTS=1 -DUSE_CMAKE_LIBS -DCUDNN -DOPENCV -D_CRT_RAND_S -DNOMINMAX -D_USE_MATH_DEFINES -D_CRT_SECURE_NO_WARNINGS -DGPU -D_TIMESPEC_DEFINED -D"CMAKE_INTDIR=\"Release\"" -Ddark_EXPORTS -Xcompiler "/EHsc /W1 /nologo /O2 /Fddark.dir\Release\vc142.pdb /FS   /MD /GR" -o dark.dir\Release\dropout_layer_kernels.obj "F:\YOLOV4\darknet-master\src\dropout_layer_kernels.cu" 
  F:\YOLOV4\darknet-master>"F:\YOLOV4\CUDA\CUDA Development\bin\nvcc.exe"  --use-local-env -ccbin "F:\Program Files (x86)\Microsoft Visual Studio\2019\Community\VC\Tools\MSVC\14.29.30133\bin\HostX64\x64" -x cu -rdc=true  -I"F:\YOLOV4\darknet-master\include" -I"F:\YOLOV4\darknet-master\src" -I"F:\YOLOV4\darknet-master\3rdparty\stb\include" -IF:\YOLOV4\opencv\build\include -I"F:\YOLOV4\CUDA\CUDA Development\include" -I"F:\YOLOV4\darknet-master\3rdparty\pthreads\include" -I"F:\YOLOV4\CUDA\CUDA Development\include"     --keep-dir x64\Release -maxrregcount=0  --machine 64 --compile -cudart shared -Wno-deprecated-declarations --generate-code=arch=compute_52,code=[compute_52,sm_52] -Xcompiler=",/nologo,/wd4013,/wd4018,/wd4028,/wd4047,/wd4068,/wd4090,/wd4101,/wd4113,/wd4133,/wd4190,/wd4244,/wd4267,/wd4305,/wd4477,/wd4996,/wd4819,/fp:fast,/DGPU,/DCUDNN,/DOPENCV /EHsc -Ob2"    -D_WINDOWS -DNDEBUG -DLIB_EXPORTS=1 -DUSE_CMAKE_LIBS -DCUDNN -DOPENCV -D_CRT_RAND_S -DNOMINMAX -D_USE_MATH_DEFINES -D_CRT_SECURE_NO_WARNINGS -DGPU -D_TIMESPEC_DEFINED -D"CMAKE_INTDIR=\"Release\"" -Ddark_EXPORTS -D_WINDLL -D_MBCS -DWIN32 -D_WINDOWS -DNDEBUG -DLIB_EXPORTS=1 -DUSE_CMAKE_LIBS -DCUDNN -DOPENCV -D_CRT_RAND_S -DNOMINMAX -D_USE_MATH_DEFINES -D_CRT_SECURE_NO_WARNINGS -DGPU -D_TIMESPEC_DEFINED -D"CMAKE_INTDIR=\"Release\"" -Ddark_EXPORTS -Xcompiler "/EHsc /W1 /nologo /O2 /Fddark.dir\Release\vc142.pdb /FS   /MD /GR" -o dark.dir\Release\crop_layer_kernels.obj "F:\YOLOV4\darknet-master\src\crop_layer_kernels.cu" 
  
  F:\YOLOV4\darknet-master>"F:\YOLOV4\CUDA\CUDA Development\bin\nvcc.exe"  --use-local-env -ccbin "F:\Program Files (x86)\Microsoft Visual Studio\2019\Community\VC\Tools\MSVC\14.29.30133\bin\HostX64\x64" -x cu -rdc=true  -I"F:\YOLOV4\darknet-master\include" -I"F:\YOLOV4\darknet-master\src" -I"F:\YOLOV4\darknet-master\3rdparty\stb\include" -IF:\YOLOV4\opencv\build\include -I"F:\YOLOV4\CUDA\CUDA Development\include" -I"F:\YOLOV4\darknet-master\3rdparty\pthreads\include" -I"F:\YOLOV4\CUDA\CUDA Development\include"     --keep-dir x64\Release -maxrregcount=0  --machine 64 --compile -cudart shared -Wno-deprecated-declarations --generate-code=arch=compute_52,code=[compute_52,sm_52] -Xcompiler=",/nologo,/wd4013,/wd4018,/wd4028,/wd4047,/wd4068,/wd4090,/wd4101,/wd4113,/wd4133,/wd4190,/wd4244,/wd4267,/wd4305,/wd4477,/wd4996,/wd4819,/fp:fast,/DGPU,/DCUDNN,/DOPENCV /EHsc -Ob2"    -D_WINDOWS -DNDEBUG -DLIB_EXPORTS=1 -DUSE_CMAKE_LIBS -DCUDNN -DOPENCV -D_CRT_RAND_S -DNOMINMAX -D_USE_MATH_DEFINES -D_CRT_SECURE_NO_WARNINGS -DGPU -D_TIMESPEC_DEFINED -D"CMAKE_INTDIR=\"Release\"" -Ddark_EXPORTS -D_WINDLL -D_MBCS -DWIN32 -D_WINDOWS -DNDEBUG -DLIB_EXPORTS=1 -DUSE_CMAKE_LIBS -DCUDNN -DOPENCV -D_CRT_RAND_S -DNOMINMAX -D_USE_MATH_DEFINES -D_CRT_SECURE_NO_WARNINGS -DGPU -D_TIMESPEC_DEFINED -D"CMAKE_INTDIR=\"Release\"" -Ddark_EXPORTS -Xcompiler "/EHsc /W1 /nologo /O2 /Fddark.dir\Release\vc142.pdb /FS   /MD /GR" -o dark.dir\Release\im2col_kernels.obj "F:\YOLOV4\darknet-master\src\im2col_kernels.cu" 
  
  F:\YOLOV4\darknet-master>"F:\YOLOV4\CUDA\CUDA Development\bin\nvcc.exe"  --use-local-env -ccbin "F:\Program Files (x86)\Microsoft Visual Studio\2019\Community\VC\Tools\MSVC\14.29.30133\bin\HostX64\x64" -x cu -rdc=true  -I"F:\YOLOV4\darknet-master\include" -I"F:\YOLOV4\darknet-master\src" -I"F:\YOLOV4\darknet-master\3rdparty\stb\include" -IF:\YOLOV4\opencv\build\include -I"F:\YOLOV4\CUDA\CUDA Development\include" -I"F:\YOLOV4\darknet-master\3rdparty\pthreads\include" -I"F:\YOLOV4\CUDA\CUDA Development\include"     --keep-dir x64\Release -maxrregcount=0  --machine 64 --compile -cudart shared -Wno-deprecated-declarations --generate-code=arch=compute_52,code=[compute_52,sm_52] -Xcompiler=",/nologo,/wd4013,/wd4018,/wd4028,/wd4047,/wd4068,/wd4090,/wd4101,/wd4113,/wd4133,/wd4190,/wd4244,/wd4267,/wd4305,/wd4477,/wd4996,/wd4819,/fp:fast,/DGPU,/DCUDNN,/DOPENCV /EHsc -Ob2"    -D_WINDOWS -DNDEBUG -DLIB_EXPORTS=1 -DUSE_CMAKE_LIBS -DCUDNN -DOPENCV -D_CRT_RAND_S -DNOMINMAX -D_USE_MATH_DEFINES -D_CRT_SECURE_NO_WARNINGS -DGPU -D_TIMESPEC_DEFINED -D"CMAKE_INTDIR=\"Release\"" -Ddark_EXPORTS -D_WINDLL -D_MBCS -DWIN32 -D_WINDOWS -DNDEBUG -DLIB_EXPORTS=1 -DUSE_CMAKE_LIBS -DCUDNN -DOPENCV -D_CRT_RAND_S -DNOMINMAX -D_USE_MATH_DEFINES -D_CRT_SECURE_NO_WARNINGS -DGPU -D_TIMESPEC_DEFINED -D"CMAKE_INTDIR=\"Release\"" -Ddark_EXPORTS -Xcompiler "/EHsc /W1 /nologo /O2 /Fddark.dir\Release\vc142.pdb /FS   /MD /GR" -o dark.dir\Release\col2im_kernels.obj "F:\YOLOV4\darknet-master\src\col2im_kernels.cu" 
  
  F:\YOLOV4\darknet-master>"F:\YOLOV4\CUDA\CUDA Development\bin\nvcc.exe"  --use-local-env -ccbin "F:\Program Files (x86)\Microsoft Visual Studio\2019\Community\VC\Tools\MSVC\14.29.30133\bin\HostX64\x64" -x cu -rdc=true  -I"F:\YOLOV4\darknet-master\include" -I"F:\YOLOV4\darknet-master\src" -I"F:\YOLOV4\darknet-master\3rdparty\stb\include" -IF:\YOLOV4\opencv\build\include -I"F:\YOLOV4\CUDA\CUDA Development\include" -I"F:\YOLOV4\darknet-master\3rdparty\pthreads\include" -I"F:\YOLOV4\CUDA\CUDA Development\include"     --keep-dir x64\Release -maxrregcount=0  --machine 64 --compile -cudart shared -Wno-deprecated-declarations --generate-code=arch=compute_52,code=[compute_52,sm_52] -Xcompiler=",/nologo,/wd4013,/wd4018,/wd4028,/wd4047,/wd4068,/wd4090,/wd4101,/wd4113,/wd4133,/wd4190,/wd4244,/wd4267,/wd4305,/wd4477,/wd4996,/wd4819,/fp:fast,/DGPU,/DCUDNN,/DOPENCV /EHsc -Ob2"    -D_WINDOWS -DNDEBUG -DLIB_EXPORTS=1 -DUSE_CMAKE_LIBS -DCUDNN -DOPENCV -D_CRT_RAND_S -DNOMINMAX -D_USE_MATH_DEFINES -D_CRT_SECURE_NO_WARNINGS -DGPU -D_TIMESPEC_DEFINED -D"CMAKE_INTDIR=\"Release\"" -Ddark_EXPORTS -D_WINDLL -D_MBCS -DWIN32 -D_WINDOWS -DNDEBUG -DLIB_EXPORTS=1 -DUSE_CMAKE_LIBS -DCUDNN -DOPENCV -D_CRT_RAND_S -DNOMINMAX -D_USE_MATH_DEFINES -D_CRT_SECURE_NO_WARNINGS -DGPU -D_TIMESPEC_DEFINED -D"CMAKE_INTDIR=\"Release\"" -Ddark_EXPORTS -Xcompiler "/EHsc /W1 /nologo /O2 /Fddark.dir\Release\vc142.pdb /FS   /MD /GR" -o dark.dir\Release\convolutional_kernels.obj "F:\YOLOV4\darknet-master\src\convolutional_kernels.cu" 
  
  F:\YOLOV4\darknet-master>"F:\YOLOV4\CUDA\CUDA Development\bin\nvcc.exe"  --use-local-env -ccbin "F:\Program Files (x86)\Microsoft Visual Studio\2019\Community\VC\Tools\MSVC\14.29.30133\bin\HostX64\x64" -x cu -rdc=true  -I"F:\YOLOV4\darknet-master\include" -I"F:\YOLOV4\darknet-master\src" -I"F:\YOLOV4\darknet-master\3rdparty\stb\include" -IF:\YOLOV4\opencv\build\include -I"F:\YOLOV4\CUDA\CUDA Development\include" -I"F:\YOLOV4\darknet-master\3rdparty\pthreads\include" -I"F:\YOLOV4\CUDA\CUDA Development\include"     --keep-dir x64\Release -maxrregcount=0  --machine 64 --compile -cudart shared -Wno-deprecated-declarations --generate-code=arch=compute_52,code=[compute_52,sm_52] -Xcompiler=",/nologo,/wd4013,/wd4018,/wd4028,/wd4047,/wd4068,/wd4090,/wd4101,/wd4113,/wd4133,/wd4190,/wd4244,/wd4267,/wd4305,/wd4477,/wd4996,/wd4819,/fp:fast,/DGPU,/DCUDNN,/DOPENCV /EHsc -Ob2"    -D_WINDOWS -DNDEBUG -DLIB_EXPORTS=1 -DUSE_CMAKE_LIBS -DCUDNN -DOPENCV -D_CRT_RAND_S -DNOMINMAX -D_USE_MATH_DEFINES -D_CRT_SECURE_NO_WARNINGS -DGPU -D_TIMESPEC_DEFINED -D"CMAKE_INTDIR=\"Release\"" -Ddark_EXPORTS -D_WINDLL -D_MBCS -DWIN32 -D_WINDOWS -DNDEBUG -DLIB_EXPORTS=1 -DUSE_CMAKE_LIBS -DCUDNN -DOPENCV -D_CRT_RAND_S -DNOMINMAX -D_USE_MATH_DEFINES -D_CRT_SECURE_NO_WARNINGS -DGPU -D_TIMESPEC_DEFINED -D"CMAKE_INTDIR=\"Release\"" -Ddark_EXPORTS -Xcompiler "/EHsc /W1 /nologo /O2 /Fddark.dir\Release\vc142.pdb /FS   /MD /GR" -o dark.dir\Release\network_kernels.obj "F:\YOLOV4\darknet-master\src\network_kernels.cu" 
  
  F:\YOLOV4\darknet-master>"F:\YOLOV4\CUDA\CUDA Development\bin\nvcc.exe"  --use-local-env -ccbin "F:\Program Files (x86)\Microsoft Visual Studio\2019\Community\VC\Tools\MSVC\14.29.30133\bin\HostX64\x64" -x cu -rdc=true  -I"F:\YOLOV4\darknet-master\include" -I"F:\YOLOV4\darknet-master\src" -I"F:\YOLOV4\darknet-master\3rdparty\stb\include" -IF:\YOLOV4\opencv\build\include -I"F:\YOLOV4\CUDA\CUDA Development\include" -I"F:\YOLOV4\darknet-master\3rdparty\pthreads\include" -I"F:\YOLOV4\CUDA\CUDA Development\include"     --keep-dir x64\Release -maxrregcount=0  --machine 64 --compile -cudart shared -Wno-deprecated-declarations --generate-code=arch=compute_52,code=[compute_52,sm_52] -Xcompiler=",/nologo,/wd4013,/wd4018,/wd4028,/wd4047,/wd4068,/wd4090,/wd4101,/wd4113,/wd4133,/wd4190,/wd4244,/wd4267,/wd4305,/wd4477,/wd4996,/wd4819,/fp:fast,/DGPU,/DCUDNN,/DOPENCV /EHsc -Ob2"    -D_WINDOWS -DNDEBUG -DLIB_EXPORTS=1 -DUSE_CMAKE_LIBS -DCUDNN -DOPENCV -D_CRT_RAND_S -DNOMINMAX -D_USE_MATH_DEFINES -D_CRT_SECURE_NO_WARNINGS -DGPU -D_TIMESPEC_DEFINED -D"CMAKE_INTDIR=\"Release\"" -Ddark_EXPORTS -D_WINDLL -D_MBCS -DWIN32 -D_WINDOWS -DNDEBUG -DLIB_EXPORTS=1 -DUSE_CMAKE_LIBS -DCUDNN -DOPENCV -D_CRT_RAND_S -DNOMINMAX -D_USE_MATH_DEFINES -D_CRT_SECURE_NO_WARNINGS -DGPU -D_TIMESPEC_DEFINED -D"CMAKE_INTDIR=\"Release\"" -Ddark_EXPORTS -Xcompiler "/EHsc /W1 /nologo /O2 /Fddark.dir\Release\vc142.pdb /FS   /MD /GR" -o dark.dir\Release\maxpool_layer_kernels.obj "F:\YOLOV4\darknet-master\src\maxpool_layer_kernels.cu" 
  
  F:\YOLOV4\darknet-master>"F:\YOLOV4\CUDA\CUDA Development\bin\nvcc.exe"  --use-local-env -ccbin "F:\Program Files (x86)\Microsoft Visual Studio\2019\Community\VC\Tools\MSVC\14.29.30133\bin\HostX64\x64" -x cu -rdc=true  -I"F:\YOLOV4\darknet-master\include" -I"F:\YOLOV4\darknet-master\src" -I"F:\YOLOV4\darknet-master\3rdparty\stb\include" -IF:\YOLOV4\opencv\build\include -I"F:\YOLOV4\CUDA\CUDA Development\include" -I"F:\YOLOV4\darknet-master\3rdparty\pthreads\include" -I"F:\YOLOV4\CUDA\CUDA Development\include"     --keep-dir x64\Release -maxrregcount=0  --machine 64 --compile -cudart shared -Wno-deprecated-declarations --generate-code=arch=compute_52,code=[compute_52,sm_52] -Xcompiler=",/nologo,/wd4013,/wd4018,/wd4028,/wd4047,/wd4068,/wd4090,/wd4101,/wd4113,/wd4133,/wd4190,/wd4244,/wd4267,/wd4305,/wd4477,/wd4996,/wd4819,/fp:fast,/DGPU,/DCUDNN,/DOPENCV /EHsc -Ob2"    -D_WINDOWS -DNDEBUG -DLIB_EXPORTS=1 -DUSE_CMAKE_LIBS -DCUDNN -DOPENCV -D_CRT_RAND_S -DNOMINMAX -D_USE_MATH_DEFINES -D_CRT_SECURE_NO_WARNINGS -DGPU -D_TIMESPEC_DEFINED -D"CMAKE_INTDIR=\"Release\"" -Ddark_EXPORTS -D_WINDLL -D_MBCS -DWIN32 -D_WINDOWS -DNDEBUG -DLIB_EXPORTS=1 -DUSE_CMAKE_LIBS -DCUDNN -DOPENCV -D_CRT_RAND_S -DNOMINMAX -D_USE_MATH_DEFINES -D_CRT_SECURE_NO_WARNINGS -DGPU -D_TIMESPEC_DEFINED -D"CMAKE_INTDIR=\"Release\"" -Ddark_EXPORTS -Xcompiler "/EHsc /W1 /nologo /O2 /Fddark.dir\Release\vc142.pdb /FS   /MD /GR" -o dark.dir\Release\avgpool_layer_kernels.obj "F:\YOLOV4\darknet-master\src\avgpool_layer_kernels.cu" 
  
  F:\YOLOV4\darknet-master>"F:\YOLOV4\CUDA\CUDA Development\bin\nvcc.exe"  --use-local-env -ccbin "F:\Program Files (x86)\Microsoft Visual Studio\2019\Community\VC\Tools\MSVC\14.29.30133\bin\HostX64\x64" -x cu -rdc=true  -I"F:\YOLOV4\darknet-master\include" -I"F:\YOLOV4\darknet-master\src" -I"F:\YOLOV4\darknet-master\3rdparty\stb\include" -IF:\YOLOV4\opencv\build\include -I"F:\YOLOV4\CUDA\CUDA Development\include" -I"F:\YOLOV4\darknet-master\3rdparty\pthreads\include" -I"F:\YOLOV4\CUDA\CUDA Development\include"     --keep-dir x64\Release -maxrregcount=0  --machine 64 --compile -cudart shared -Wno-deprecated-declarations --generate-code=arch=compute_52,code=[compute_52,sm_52] -Xcompiler=",/nologo,/wd4013,/wd4018,/wd4028,/wd4047,/wd4068,/wd4090,/wd4101,/wd4113,/wd4133,/wd4190,/wd4244,/wd4267,/wd4305,/wd4477,/wd4996,/wd4819,/fp:fast,/DGPU,/DCUDNN,/DOPENCV /EHsc -Ob2"    -D_WINDOWS -DNDEBUG -DLIB_EXPORTS=1 -DUSE_CMAKE_LIBS -DCUDNN -DOPENCV -D_CRT_RAND_S -DNOMINMAX -D_USE_MATH_DEFINES -D_CRT_SECURE_NO_WARNINGS -DGPU -D_TIMESPEC_DEFINED -D"CMAKE_INTDIR=\"Release\"" -Ddark_EXPORTS -D_WINDLL -D_MBCS -DWIN32 -D_WINDOWS -DNDEBUG -DLIB_EXPORTS=1 -DUSE_CMAKE_LIBS -DCUDNN -DOPENCV -D_CRT_RAND_S -DNOMINMAX -D_USE_MATH_DEFINES -D_CRT_SECURE_NO_WARNINGS -DGPU -D_TIMESPEC_DEFINED -D"CMAKE_INTDIR=\"Release\"" -Ddark_EXPORTS -Xcompiler "/EHsc /W1 /nologo /O2 /Fddark.dir\Release\vc142.pdb /FS   /MD /GR" -o dark.dir\Release\blas_kernels.obj "F:\YOLOV4\darknet-master\src\blas_kernels.cu" 
F:/YOLOV4/darknet-master/src/activation_kernels.cu(263): warning : variable "MISH_THRESHOLD" was declared but never referenced
  
F:/YOLOV4/darknet-master/src/im2col_kernels.cu(1354): warning : unrecognized #pragma in device code
  
F:/YOLOV4/darknet-master/src/im2col_kernels.cu(1361): warning : unrecognized #pragma in device code
  
F:/YOLOV4/darknet-master/src/im2col_kernels.cu(1364): warning : unrecognized #pragma in device code
  
F:/YOLOV4/darknet-master/src/im2col_kernels.cu(1389): warning : unrecognized #pragma in device code
F:/YOLOV4/darknet-master/src/network_kernels.cu(379): warning : variable "l" was declared but never referenced
  
  
F:/YOLOV4/darknet-master/src/blas_kernels.cu(1086): warning : variable "out_index" was declared but never referenced
  
F:/YOLOV4/darknet-master/src/blas_kernels.cu(1130): warning : variable "step" was set but never used
  
F:/YOLOV4/darknet-master/src/blas_kernels.cu(1736): warning : variable "stage_id" was declared but never referenced
  
  col2im_kernels.cu
  deconvolutional_kernels.cu
  dropout_layer_kernels.cu
  network_kernels.cu
  avgpool_layer_kernels.cu
  crop_layer_kernels.cu
  convolutional_kernels.cu
  maxpool_layer_kernels.cu
  activation_kernels.cu
  im2col_kernels.cu
  blas_kernels.cu
  yolo_v2_class.cpp
  http_stream.cpp
  image_opencv.cpp
  正在生成代码...
  activation_layer.c
  activations.c
  art.c
  avgpool_layer.c
  batchnorm_layer.c
  blas.c
  box.c
  captcha.c
  cifar.c
  classifier.c
  coco.c
  col2im.c
  compare.c
  connected_layer.c
  conv_lstm_layer.c
  convolutional_layer.c
  cost_layer.c
  cpu_gemm.c
  crnn_layer.c
  crop_layer.c
  正在生成代码...
  正在编译...
  dark_cuda.c
  data.c
  deconvolutional_layer.c
  demo.c
  detection_layer.c
  detector.c
  dice.c
  dropout_layer.c
  gaussian_yolo_layer.c
  gemm.c
  getopt.c
  gettimeofday.c
  go.c
  gru_layer.c
  im2col.c
  image.c
  layer.c
  list.c
  local_layer.c
  lstm_layer.c
  正在生成代码...
  正在编译...
  matrix.c
  maxpool_layer.c
  network.c
  nightmare.c
  normalization_layer.c
  option_list.c
  parser.c
  region_layer.c
  reorg_layer.c
  reorg_old_layer.c
  representation_layer.c
  rnn.c
  rnn_layer.c
  rnn_vid.c
  route_layer.c
  sam_layer.c
  scale_channels_layer.c
  shortcut_layer.c
  softmax_layer.c
  super.c
  正在生成代码...
  正在编译...
  swag.c
  tag.c
  tree.c
  upsample_layer.c
  utils.c
  voxel.c
  writing.c
  yolo.c
  yolo_layer.c
  正在生成代码...
  
  F:\YOLOV4\darknet-master>"F:\YOLOV4\CUDA\CUDA Development\bin\nvcc.exe" -dlink -o dark.dir\Release\darknet.device-link.obj -Xcompiler "/EHsc /W1 /nologo /O2 /Fddark.dir\Release\vc142.pdb   /MD /GR" -L"F:\YOLOV4\CUDA\CUDA Development\bin/crt" -L"F:\YOLOV4\CUDA\CUDA Development\lib\x64" "F:\YOLOV4\CUDA\CUDA Development\lib\x64\cudnn.lib" F:\YOLOV4\opencv\build\x64\vc16\lib\opencv_world480.lib 3rdparty\pthreads\lib\pthreadVC2.lib wsock32.lib ws2_32.lib curand.lib cublas.lib cuda.lib cudadevrt.lib cudart.lib kernel32.lib user32.lib gdi32.lib winspool.lib shell32.lib ole32.lib oleaut32.lib uuid.lib comdlg32.lib advapi32.lib -forward-unknown-to-host-compiler -Wno-deprecated-gpu-targets  -Wno-deprecated-declarations -Xcompiler=",/nologo,/wd4013,/wd4018,/wd4028,/wd4047,/wd4068,/wd4090,/wd4101,/wd4113,/wd4133,/wd4190,/wd4244,/wd4267,/wd4305,/wd4477,/wd4996,/wd4819,/fp:fast,/DGPU,/DCUDNN,/DOPENCV" -D_WINDOWS -Xcompiler=" /GR /EHsc" -Xcompiler="-O2 -Ob2" -DNDEBUG "--generate-code=arch=compute_52,code=[compute_52,sm_52]" -Xcompiler=-MD   --machine 64 dark.dir\Release\activation_kernels.obj dark.dir\Release\avgpool_layer_kernels.obj dark.dir\Release\blas_kernels.obj dark.dir\Release\col2im_kernels.obj dark.dir\Release\convolutional_kernels.obj dark.dir\Release\crop_layer_kernels.obj dark.dir\Release\deconvolutional_kernels.obj dark.dir\Release\dropout_layer_kernels.obj dark.dir\Release\im2col_kernels.obj dark.dir\Release\maxpool_layer_kernels.obj dark.dir\Release\network_kernels.obj 
  cudnn.lib
  opencv_world480.lib
  pthreadVC2.lib
  wsock32.lib
  ws2_32.lib
  curand.lib
  cublas.lib
  cuda.lib
  cudadevrt.lib
  cudart.lib
  kernel32.lib
  user32.lib
  gdi32.lib
  winspool.lib
  shell32.lib
  ole32.lib
  oleaut32.lib
  uuid.lib
  comdlg32.lib
  advapi32.lib
  activation_kernels.obj
  avgpool_layer_kernels.obj
  blas_kernels.obj
  col2im_kernels.obj
  convolutional_kernels.obj
  crop_layer_kernels.obj
  deconvolutional_kernels.obj
  dropout_layer_kernels.obj
  im2col_kernels.obj
  maxpool_layer_kernels.obj
  network_kernels.obj
    正在创建库 F:/YOLOV4/darknet-master/Release/darknet.lib 和对象 F:/YOLOV4/darknet-master/Release/darknet.exp
  dark.vcxproj -> F:\YOLOV4\darknet-master\Release\darknet.dll
